{"level":"error","message":"Error occurred: User already exists!","timestamp":"2024-07-07T04:12:40.780Z"}
{"level":"error","message":"Error occurred: User already exists!","timestamp":"2024-07-07T04:15:42.915Z"}
{"level":"error","message":"Error occurred: User already exists!","timestamp":"2024-07-07T04:16:38.546Z"}
{"level":"error","message":"Error occurred: User already exists!","timestamp":"2024-07-07T04:47:52.032Z"}
{"level":"error","message":"Error occurred: Unauthorized access!","timestamp":"2024-07-07T04:47:57.445Z"}
{"level":"error","message":"Error occurred: Internal Server Error","timestamp":"2024-07-07T04:48:08.201Z"}
{"level":"error","message":"Error occurred: Internal Server Error","timestamp":"2024-07-07T05:27:46.129Z"}
{"level":"error","message":"Error occurred: Internal Server Error","timestamp":"2024-07-07T05:27:54.772Z"}
{"level":"error","message":"Error occurred: Internal Server Error","timestamp":"2024-07-07T05:27:56.070Z"}
{"level":"error","message":"Error occurred: Internal Server Error","timestamp":"2024-07-07T05:28:03.956Z"}
{"level":"error","message":"Error occurred: Internal Server Error","timestamp":"2024-07-07T05:28:04.690Z"}
{"level":"error","message":"Error occurred: Internal Server Error","timestamp":"2024-07-07T05:28:05.725Z"}
{"level":"error","message":"Error occurred: User already exists!","timestamp":"2024-07-08T16:15:27.031Z"}
{"level":"error","message":"Error occurred: Unauthorized access!","timestamp":"2024-07-08T16:15:54.324Z"}
{"level":"error","message":"Error occurred: Unauthorized access!","timestamp":"2024-07-08T16:15:59.933Z"}
{"level":"error","message":"Error occurred: Unauthorized access!","timestamp":"2024-07-08T16:16:00.876Z"}
{"level":"error","message":"Error occurred: Unauthorized access!","timestamp":"2024-07-08T16:16:01.695Z"}
{"level":"error","message":"Error occurred: Product not found","timestamp":"2024-07-08T16:54:59.288Z"}
{"level":"error","message":"Error occurred: Product not found","timestamp":"2024-07-08T17:32:38.458Z"}
{"level":"error","message":"Error occurred: Product not found","timestamp":"2024-07-08T17:32:41.671Z"}
{"level":"error","message":"Error occurred: Internal Server Error","timestamp":"2024-07-08T22:58:58.940Z"}
{"level":"error","message":"Error occurred: Internal Server Error","timestamp":"2024-07-08T23:18:06.033Z"}
{"level":"error","message":"Error occurred: Unauthorized access!","timestamp":"2024-07-08T23:18:24.093Z"}
{"level":"error","message":"Error occurred: Internal Server Error","timestamp":"2024-07-08T23:18:36.753Z"}
{"level":"error","message":"Error occurred: Product not found","timestamp":"2024-07-09T00:00:21.877Z"}
{"level":"error","message":"Error occurred: Unauthorized access!","timestamp":"2024-07-09T00:29:35.352Z"}
{"level":"error","message":"Error occurred: Unprocessable Entity","timestamp":"2024-07-09T00:33:19.356Z"}
{"level":"error","message":"Error occurred: Unprocessable Entity","timestamp":"2024-07-09T00:36:49.622Z"}
{"level":"error","message":"Error occurred: Unprocessable Entity","timestamp":"2024-07-09T00:36:58.014Z"}
{"level":"error","message":"Error occurred: Unprocessable Entity","timestamp":"2024-07-09T00:42:11.274Z"}
{"level":"error","message":"Error occurred: Unprocessable Entity","timestamp":"2024-07-09T00:46:08.102Z"}
{"level":"error","message":"Error occurred: Unprocessable Entity","timestamp":"2024-07-09T00:46:19.560Z"}
{"level":"error","message":"Error occurred: Unprocessable Entity","timestamp":"2024-07-09T00:46:43.010Z"}
{"level":"error","message":"Error occurred: Unauthorized access!","timestamp":"2024-07-09T00:50:05.628Z"}
{"level":"error","message":"Error occurred: Unprocessable Entity","timestamp":"2024-07-09T00:51:32.085Z"}
{"level":"error","message":"Error occurred: Unauthorized access!","timestamp":"2024-07-09T00:51:55.250Z"}
{"level":"error","message":"Error occurred: Unprocessable Entity","timestamp":"2024-07-09T00:52:15.839Z"}
{"level":"error","message":"Error occurred: Unauthorized access!","timestamp":"2024-07-09T01:36:51.212Z"}
{"level":"error","message":"Error occurred: Address not found","timestamp":"2024-07-09T01:37:10.420Z"}
{"level":"error","message":"Error occurred: Unauthorized access!","timestamp":"2024-07-09T02:04:43.553Z"}
{"level":"error","message":"Error occurred: Unauthorized access!","timestamp":"2024-07-09T02:04:53.077Z"}
{"level":"error","message":"Error occurred: Unauthorized access!","timestamp":"2024-07-09T02:04:54.442Z"}
{"level":"error","message":"Error occurred: Unauthorized access!","timestamp":"2024-07-09T02:04:55.173Z"}
{"level":"error","message":"Error occurred: Unauthorized access!","timestamp":"2024-07-09T02:04:56.747Z"}
{"level":"error","message":"Error occurred: Unauthorized access!","timestamp":"2024-07-09T03:50:20.268Z"}
{"level":"error","message":"Error occurred: Unauthorized access!","timestamp":"2024-07-09T04:30:30.647Z"}
{"level":"error","message":"Error occurred: Internal Server Error","timestamp":"2024-07-09T04:30:32.807Z"}
{"level":"error","message":"Error occurred: Internal Server Error","timestamp":"2024-07-09T04:30:42.645Z"}
{"level":"error","message":"Error occurred: Shipping address not found","timestamp":"2024-07-09T04:46:26.019Z"}
{"level":"error","message":"Error occurred: Shipping address not found","timestamp":"2024-07-09T04:47:04.116Z"}
{"level":"error","message":"Error occurred: Shipping address not found","timestamp":"2024-07-09T04:47:40.489Z"}
{"level":"error","message":"Error occurred: Shipping address not found","timestamp":"2024-07-09T04:48:39.633Z"}
{"level":"error","message":"Error occurred: Internal Server Error","timestamp":"2024-07-09T04:49:14.613Z"}
{"level":"error","message":"Error occurred: Internal Server Error","timestamp":"2024-07-09T04:49:45.254Z"}
{"level":"error","message":"Error occurred: Internal Server Error","timestamp":"2024-07-09T04:50:54.052Z"}
{"level":"error","message":"Error occurred: Internal Server Error","timestamp":"2024-07-09T04:52:02.113Z"}
{"level":"error","message":"Error occurred: Unauthorized access!","timestamp":"2024-07-09T04:52:40.004Z"}
{"level":"error","message":"Error occurred: Internal Server Error","timestamp":"2024-07-09T04:52:55.390Z"}
{"level":"error","message":"Error occurred: Internal Server Error","timestamp":"2024-07-09T04:53:32.121Z"}
{"level":"error","message":"Error occurred: Internal Server Error","timestamp":"2024-07-09T04:53:51.889Z"}
{"level":"error","message":"Error occurred: Internal Server Error","timestamp":"2024-07-09T04:54:13.686Z"}
{"level":"error","message":"Error occurred: User not found","timestamp":"2024-07-09T04:55:49.496Z"}
{"level":"error","message":"Error occurred: Internal Server Error","timestamp":"2024-07-09T04:58:24.897Z"}
{"level":"error","message":"Error occurred: Internal Server Error","timestamp":"2024-07-09T04:58:26.191Z"}
{"level":"error","message":"Error occurred: Internal Server Error","timestamp":"2024-07-09T04:59:30.869Z"}
{"level":"error","message":"Error occurred: Internal Server Error","timestamp":"2024-07-09T04:59:34.448Z"}
{"level":"error","message":"Error occurred: Unauthorized access!","timestamp":"2024-07-09T05:11:25.409Z"}
{"level":"error","message":"Error occurred: Address not found","timestamp":"2024-07-09T05:12:11.226Z"}
{"level":"error","message":"Error occurred: Unauthorized access!","timestamp":"2024-07-09T05:17:34.844Z"}
{"level":"error","message":"Error occurred: Internal Server Error","timestamp":"2024-07-09T05:17:46.205Z"}
{"level":"error","message":"Error occurred: Internal Server Error","timestamp":"2024-07-09T05:17:47.371Z"}
{"level":"error","message":"Error occurred: Internal Server Error","timestamp":"2024-07-09T05:18:20.353Z"}
{"level":"error","message":"Error occurred: Internal Server Error","timestamp":"2024-07-09T05:19:22.249Z"}
{"level":"error","message":"Error occurred: Internal Server Error","timestamp":"2024-07-09T05:20:10.149Z"}
{"level":"error","message":"Error occurred: Internal Server Error","timestamp":"2024-07-09T05:20:41.989Z"}
{"level":"error","message":"Error occurred: Internal Server Error","timestamp":"2024-07-09T05:22:11.369Z"}
{"level":"error","message":"Error occurred: Product not found","timestamp":"2024-07-09T05:25:38.815Z"}
{"level":"error","message":"Error occurred: Product not found","timestamp":"2024-07-09T05:25:39.693Z"}
{"level":"error","message":"Error occurred: Unauthorized access!","timestamp":"2024-07-09T05:35:58.540Z"}
{"level":"error","message":"Error occurred: Internal Server Error","timestamp":"2024-07-09T05:37:47.269Z"}
{"level":"error","message":"Error occurred: Unauthorized access!","timestamp":"2024-07-09T05:38:34.422Z"}
{"level":"error","message":"Error occurred: Address not found","timestamp":"2024-07-09T05:38:49.212Z"}
{"level":"error","message":"Error occurred: Unauthorized access!","timestamp":"2024-07-09T05:39:21.941Z"}
{"level":"error","message":"Error occurred: Internal Server Error","timestamp":"2024-07-09T05:45:45.412Z"}
{"level":"error","message":"Error occurred: Unprocessable Entity","timestamp":"2024-07-09T05:51:32.358Z"}
{"level":"error","message":"Error occurred: Unprocessable Entity","timestamp":"2024-07-09T06:07:27.658Z"}
{"level":"error","message":"Error occurred: Unprocessable Entity","timestamp":"2024-07-09T06:07:30.000Z"}
{"level":"error","message":"Error occurred: Unauthorized access!","timestamp":"2024-07-09T06:07:52.025Z"}
{"level":"error","message":"Error occurred: Unprocessable Entity","timestamp":"2024-07-09T06:07:55.274Z"}
{"level":"error","message":"Error occurred: Unauthorized access!","timestamp":"2024-07-09T06:18:11.123Z"}
{"level":"error","message":"Error occurred: Unprocessable Entity","timestamp":"2024-07-09T06:18:12.616Z"}
{"level":"error","message":"Error occurred: Unexpected token } in JSON at position 132","timestamp":"2024-07-09T06:52:59.845Z"}
{"level":"error","message":"Error occurred: Unauthorized access!","timestamp":"2024-07-09T06:53:03.498Z"}
{"level":"error","message":"Error occurred: Unauthorized access!","timestamp":"2024-07-09T06:53:04.682Z"}
{"level":"error","message":"Error occurred: Unauthorized access!","timestamp":"2024-07-09T06:53:05.869Z"}
{"level":"error","message":"Error occurred: Internal Server Error","timestamp":"2024-07-09T06:53:20.004Z"}
{"level":"error","message":"Error occurred: Unauthorized access!","timestamp":"2024-07-09T06:53:57.148Z"}
{"level":"error","message":"Error occurred: Internal Server Error","timestamp":"2024-07-09T06:53:58.530Z"}
{"level":"error","message":"Error occurred: Internal Server Error","timestamp":"2024-07-09T07:08:35.180Z"}
{"level":"error","message":"Error occurred: Internal Server Error","timestamp":"2024-07-09T07:08:36.150Z"}
{"level":"error","message":"Error occurred: Internal Server Error","timestamp":"2024-07-09T07:09:10.906Z"}
{"level":"error","message":"Error occurred: Unauthorized access!","timestamp":"2024-07-09T07:19:13.174Z"}
{"level":"error","message":"Error occurred: Internal Server Error","timestamp":"2024-07-09T07:21:45.256Z"}
{"level":"error","message":"Error occurred: Internal Server Error","timestamp":"2024-07-09T07:23:40.676Z"}
{"level":"error","message":"Error occurred: Internal Server Error","timestamp":"2024-07-09T07:24:13.928Z"}
{"level":"error","message":"Error occurred: Internal Server Error","timestamp":"2024-07-09T07:25:03.654Z"}
{"level":"error","message":"Error occurred: Internal Server Error","timestamp":"2024-07-09T07:27:03.729Z"}
{"level":"error","message":"Error occurred: Internal Server Error","timestamp":"2024-07-09T07:27:04.661Z"}
{"level":"error","message":"Error occurred: Internal Server Error","timestamp":"2024-07-09T07:27:39.972Z"}
{"level":"error","message":"Error occurred: Internal Server Error","timestamp":"2024-07-09T07:27:40.875Z"}
{"level":"error","message":"Error occurred: Internal Server Error","timestamp":"2024-07-09T07:28:11.869Z"}
{"level":"error","message":"Error occurred: Internal Server Error","timestamp":"2024-07-09T07:28:23.132Z"}
{"level":"error","message":"Error occurred: Internal Server Error","timestamp":"2024-07-09T07:28:24.047Z"}
{"level":"error","message":"Error occurred: Internal Server Error","timestamp":"2024-07-09T07:28:38.561Z"}
{"level":"error","message":"Error occurred: Internal Server Error","timestamp":"2024-07-09T07:28:39.366Z"}
{"level":"error","message":"Error occurred: Internal Server Error","timestamp":"2024-07-09T07:30:23.256Z"}
{"level":"error","message":"Error occurred: Internal Server Error","timestamp":"2024-07-09T07:30:34.742Z"}
{"level":"error","message":"Error occurred: Internal Server Error","timestamp":"2024-07-09T07:30:46.117Z"}
{"level":"error","message":"Error occurred: Internal Server Error","timestamp":"2024-07-09T07:31:42.970Z"}
{"level":"error","message":"Error occurred: Internal Server Error","timestamp":"2024-07-09T07:38:44.284Z"}
{"level":"error","message":"Error occurred: Internal Server Error","timestamp":"2024-07-09T07:39:18.673Z"}
{"level":"error","message":"Error occurred: Unauthorized access!","timestamp":"2024-07-10T15:28:29.207Z"}
{"level":"error","message":"Error occurred: Product not found","timestamp":"2024-07-10T21:07:48.497Z"}
{"level":"error","message":"Error occurred: Product not found","timestamp":"2024-07-10T21:43:33.996Z"}
{"level":"error","message":"Error occurred: Product not found","timestamp":"2024-07-10T21:45:16.383Z"}
{"level":"error","message":"Error occurred: Unauthorized access!","timestamp":"2024-07-10T21:45:43.098Z"}
{"level":"error","message":"Error occurred: Unauthorized access!","timestamp":"2024-07-11T16:47:47.294Z"}
{"level":"error","message":"Error occurred: Unauthorized access!","timestamp":"2024-07-11T16:48:22.322Z"}
{"level":"error","message":"Error occurred: Unauthorized access!","timestamp":"2024-07-11T16:48:43.320Z"}
{"level":"error","message":"Error occurred: Unauthorized access!","timestamp":"2024-07-11T16:50:37.153Z"}
{"level":"error","message":"Error occurred: Unauthorized access!","timestamp":"2024-07-11T16:50:49.317Z"}
{"level":"error","message":"Error occurred: Address not found","timestamp":"2024-07-11T16:50:52.444Z"}
{"level":"error","message":"Error occurred: Unauthorized access!","timestamp":"2024-07-11T16:51:30.195Z"}
{"level":"error","message":"Error occurred: Unauthorized access!","timestamp":"2024-07-11T17:39:39.492Z"}
{"level":"error","message":"Error occurred: Unauthorized access!","timestamp":"2024-07-11T17:41:53.477Z"}
{"level":"error","message":"Error occurred: Internal Server Error","timestamp":"2024-07-11T17:42:08.435Z"}
{"level":"error","message":"Error occurred: Unauthorized access!","timestamp":"2024-07-11T17:42:30.713Z"}
{"level":"error","message":"Error occurred: Internal Server Error","timestamp":"2024-07-11T17:42:32.392Z"}
{"level":"error","message":"Error occurred: Internal Server Error","timestamp":"2024-07-11T17:43:52.075Z"}
{"level":"error","message":"Error occurred: Internal Server Error","timestamp":"2024-07-11T17:44:15.483Z"}
{"level":"error","message":"Error occurred: Internal Server Error","timestamp":"2024-07-11T17:44:17.107Z"}
{"level":"error","message":"Error occurred: Internal Server Error","timestamp":"2024-07-11T17:44:18.248Z"}
{"level":"error","message":"Error occurred: Internal Server Error","timestamp":"2024-07-11T17:45:09.483Z"}
{"level":"error","message":"Error occurred: Unauthorized access!","timestamp":"2024-07-11T17:50:47.531Z"}
{"level":"error","message":"Error occurred: Unauthorized access!","timestamp":"2024-07-11T17:52:57.475Z"}
{"level":"error","message":"Error occurred: Internal Server Error","timestamp":"2024-07-11T18:04:58.260Z"}
{"level":"error","message":"Error occurred: Unauthorized access!","timestamp":"2024-07-11T18:45:45.181Z"}
{"level":"error","message":"Error occurred: Unauthorized access!","timestamp":"2024-07-11T18:45:47.379Z"}
{"level":"error","message":"Error occurred: Unauthorized access!","timestamp":"2024-07-11T18:45:48.154Z"}
{"level":"error","message":"Error occurred: Unauthorized access!","timestamp":"2024-07-11T18:45:48.841Z"}
{"level":"error","message":"Error occurred: Product not found","timestamp":"2024-07-11T18:46:35.506Z"}
{"level":"error","message":"Error occurred: Product not found","timestamp":"2024-07-11T18:46:37.042Z"}
{"level":"error","message":"Error occurred: Unauthorized access!","timestamp":"2024-07-11T18:55:27.886Z"}
{"level":"error","message":"Error occurred: Cart item not found","timestamp":"2024-07-11T18:55:49.699Z"}
{"level":"error","message":"Error occurred: Unauthorized access!","timestamp":"2024-07-11T19:15:05.469Z"}
{"level":"error","message":"Error occurred: Cart item not found","timestamp":"2024-07-11T19:16:10.369Z"}
{"level":"error","message":"Error occurred: Cart item not found","timestamp":"2024-07-11T19:21:23.846Z"}
{"level":"error","message":"Error occurred: Unauthorized access!","timestamp":"2024-07-11T19:53:25.778Z"}
{"level":"error","message":"Error occurred: Unauthorized access!","timestamp":"2024-07-11T19:53:26.881Z"}
{"level":"error","message":"Error occurred: Unauthorized access!","timestamp":"2024-07-11T19:53:28.152Z"}
{"level":"error","message":"Error occurred: Unauthorized access!","timestamp":"2024-07-11T20:08:07.909Z"}
{"level":"error","message":"Error occurred: Unauthorized access!","timestamp":"2024-07-11T20:10:36.616Z"}
{"level":"error","message":"Error occurred: Product not found","timestamp":"2024-07-11T20:19:43.422Z"}
{"level":"error","message":"Error occurred: Product not found","timestamp":"2024-07-11T20:19:46.145Z"}
{"level":"error","message":"Error occurred: Product not found","timestamp":"2024-07-11T20:19:47.142Z"}
{"level":"error","message":"Error occurred: Unauthorized access!","timestamp":"2024-07-11T20:20:18.075Z"}
{"level":"error","message":"Error occurred: Internal Server Error","timestamp":"2024-07-11T20:38:41.974Z"}
{"level":"error","message":"Error occurred: Internal Server Error","timestamp":"2024-07-11T20:38:42.880Z"}
{"level":"error","message":"Error occurred: Unauthorized access!","timestamp":"2024-07-13T21:16:15.062Z"}
{"level":"error","message":"Error occurred: Unauthorized access!","timestamp":"2024-07-13T21:16:17.173Z"}
{"level":"error","message":"Error occurred: Unauthorized access!","timestamp":"2024-07-13T21:32:13.786Z"}
{"level":"error","message":"Error occurred: Internal Server Error","timestamp":"2024-07-13T21:32:15.061Z"}
{"level":"error","message":"Error occurred: Internal Server Error","timestamp":"2024-07-13T21:32:15.876Z"}
{"level":"error","message":"Error occurred: Unauthorized access!","timestamp":"2024-07-13T23:04:21.903Z"}
{"level":"error","message":"Error occurred: Unauthorized access!","timestamp":"2024-07-13T23:20:02.219Z"}
{"level":"error","message":"Error occurred: Product not found","timestamp":"2024-07-13T23:20:26.277Z"}
{"level":"error","message":"Error occurred: Unauthorized access!","timestamp":"2024-07-14T00:32:13.578Z"}
{"level":"error","message":"Error occurred: Unauthorized access!","timestamp":"2024-07-14T00:32:14.760Z"}
{"level":"error","message":"Error occurred: Internal Server Error","timestamp":"2024-07-14T00:32:19.892Z"}
{"level":"error","message":"Error occurred: Internal Server Error","timestamp":"2024-07-14T00:33:34.650Z"}
{"level":"error","message":"Error occurred: Internal Server Error","timestamp":"2024-07-14T00:33:35.586Z"}
{"level":"error","message":"Error occurred: Cart item not found","timestamp":"2024-07-14T00:39:54.130Z"}
{"level":"error","message":"Error occurred: Unauthorized access!","timestamp":"2024-07-14T00:44:37.022Z"}
{"level":"error","message":"Error occurred: Unauthorized access!","timestamp":"2024-07-14T02:21:55.792Z"}
{"level":"error","message":"Error occurred: Unauthorized access!","timestamp":"2024-07-15T01:19:40.223Z"}
{"level":"error","message":"Error occurred: Internal Server Error","timestamp":"2024-07-15T01:21:45.290Z"}
{"level":"error","message":"Error occurred: Internal Server Error","timestamp":"2024-07-15T01:21:46.226Z"}
{"level":"error","message":"Error occurred: Unauthorized access!","timestamp":"2024-07-15T01:22:50.571Z"}
{"level":"error","message":"Error occurred: Unauthorized access!","timestamp":"2024-07-15T01:23:46.361Z"}
{"level":"error","message":"Error occurred: Internal Server Error","timestamp":"2024-07-15T01:24:17.436Z"}
{"level":"error","message":"Error occurred: Internal Server Error","timestamp":"2024-07-15T01:24:30.011Z"}
{"level":"error","message":"Error occurred: Internal Server Error","timestamp":"2024-07-15T01:24:32.203Z"}
{"level":"error","message":"Error occurred: Internal Server Error","timestamp":"2024-07-15T01:24:59.447Z"}
{"level":"error","message":"Error occurred: Internal Server Error","timestamp":"2024-07-15T01:25:03.258Z"}
{"level":"error","message":"Error occurred: Cart item not found","timestamp":"2024-07-15T01:26:39.547Z"}
{"level":"error","message":"Error occurred: Cart item not found","timestamp":"2024-07-15T01:26:41.010Z"}
{"level":"error","message":"Error occurred: Unauthorized access!","timestamp":"2024-07-15T01:39:10.873Z"}
{"level":"error","message":"Error occurred: Unauthorized access!","timestamp":"2024-07-15T02:44:36.579Z"}
{"level":"error","message":"Error occurred: Unauthorized access!","timestamp":"2024-07-15T02:44:38.013Z"}
{"level":"error","message":"Error occurred: This product is not in the cart","timestamp":"2024-07-15T02:44:47.802Z"}
{"level":"error","message":"Error occurred: Unauthorized access!","timestamp":"2024-07-15T02:45:08.321Z"}
{"level":"error","message":"Error occurred: Product not found","timestamp":"2024-07-15T02:45:22.816Z"}
{"level":"error","message":"Error occurred: This product is not in the cart","timestamp":"2024-07-15T02:48:07.718Z"}
{"level":"error","message":"Error occurred: Internal Server Error","timestamp":"2024-07-15T02:48:54.565Z"}
{"level":"error","message":"Error occurred: Internal Server Error","timestamp":"2024-07-15T02:49:26.794Z"}
{"level":"error","message":"Error occurred: Internal Server Error","timestamp":"2024-07-15T02:49:27.720Z"}
{"level":"error","message":"Error occurred: User not found!","timestamp":"2024-07-15T23:53:58.896Z"}
{"level":"error","message":"Error occurred: Unauthorized access!","timestamp":"2024-07-15T23:54:16.869Z"}
{"level":"error","message":"Error occurred: Unauthorized access!","timestamp":"2024-07-15T23:54:21.991Z"}
{"level":"error","message":"Error occurred: Unprocessable Entity","timestamp":"2024-07-16T00:00:37.768Z"}
{"level":"error","message":"Error occurred: Internal Server Error","timestamp":"2024-07-17T01:49:56.046Z"}
{"level":"error","message":"Error occurred: Internal Server Error","timestamp":"2024-07-17T01:49:59.294Z"}
{"level":"error","message":"Error occurred: Internal Server Error","timestamp":"2024-07-17T01:50:18.590Z"}
{"level":"error","message":"Error occurred: Internal Server Error","timestamp":"2024-07-17T01:50:19.048Z"}
{"level":"error","message":"Error occurred: Internal Server Error","timestamp":"2024-07-17T01:50:19.835Z"}
{"level":"error","message":"Error occurred: Internal Server Error","timestamp":"2024-07-17T01:50:20.610Z"}
{"level":"error","message":"Error occurred: Internal Server Error","timestamp":"2024-07-17T01:52:41.954Z"}
{"level":"error","message":"Error occurred: Internal Server Error","timestamp":"2024-07-17T01:52:42.509Z"}
{"level":"error","message":"Error occurred: Internal Server Error","timestamp":"2024-07-17T01:52:43.261Z"}
{"level":"error","message":"Error occurred: Internal Server Error","timestamp":"2024-07-17T01:52:44.205Z"}
{"level":"error","message":"Error occurred: Unauthorized access!","timestamp":"2024-07-17T01:59:37.028Z"}
{"level":"error","message":"Error occurred: Product not found","timestamp":"2024-07-17T02:06:26.840Z"}
{"level":"error","message":"Error occurred: Product not found","timestamp":"2024-07-17T02:06:34.385Z"}
{"level":"error","message":"Error occurred: Product not found","timestamp":"2024-07-17T02:06:39.041Z"}
{"level":"error","message":"Error occurred: Product not found","timestamp":"2024-07-17T02:09:29.624Z"}
{"level":"error","message":"Error occurred: Product not found","timestamp":"2024-07-17T02:09:35.481Z"}
{"level":"error","message":"Error occurred: Product not found","timestamp":"2024-07-17T02:09:36.597Z"}
{"level":"error","message":"Error occurred: Product not found","timestamp":"2024-07-17T02:09:37.536Z"}
{"level":"error","message":"Error occurred: Product not found","timestamp":"2024-07-17T02:24:08.384Z"}
{"level":"error","message":"Error occurred: Internal Server Error","timestamp":"2024-07-17T02:38:02.744Z"}
{"level":"error","message":"Error occurred: Internal Server Error","timestamp":"2024-07-17T02:39:23.796Z"}
{"level":"error","message":"Error occurred: Internal Server Error","timestamp":"2024-07-17T02:39:24.775Z"}
{"level":"error","message":"Error occurred: Unauthorized access!","timestamp":"2024-07-17T04:07:14.901Z"}
{"level":"error","message":"Error occurred: Unauthorized access!","timestamp":"2024-07-17T04:08:40.638Z"}
{"level":"error","message":"Error occurred: Unauthorized access!","timestamp":"2024-07-17T04:08:41.963Z"}
{"level":"error","message":"Error occurred: Unauthorized access!","timestamp":"2024-07-17T04:08:42.782Z"}
{"level":"error","message":"Error occurred: Unauthorized access!","timestamp":"2024-07-17T04:08:43.628Z"}
{"level":"error","message":"Error occurred: Unauthorized access!","timestamp":"2024-07-17T04:08:44.559Z"}
{"level":"error","message":"Error occurred: Internal Server Error","timestamp":"2024-07-17T04:08:50.932Z"}
{"level":"error","message":"Error occurred: Internal Server Error","timestamp":"2024-07-17T04:09:08.656Z"}
{"level":"error","message":"Error occurred: Internal Server Error","timestamp":"2024-07-17T04:09:09.498Z"}
{"level":"error","message":"Error occurred: Internal Server Error","timestamp":"2024-07-17T04:09:10.252Z"}
{"level":"error","message":"Error occurred: Internal Server Error","timestamp":"2024-07-17T04:09:10.969Z"}
{"level":"error","message":"Error occurred: Internal Server Error","timestamp":"2024-07-17T04:09:34.432Z"}
{"level":"error","message":"Error occurred: Internal Server Error","timestamp":"2024-07-17T04:09:42.506Z"}
{"level":"error","message":"Error occurred: Unauthorized access!","timestamp":"2024-07-17T04:10:57.102Z"}
{"level":"error","message":"Error occurred: Unauthorized access!","timestamp":"2024-07-17T04:11:16.070Z"}
{"level":"error","message":"Error occurred: Unauthorized access!","timestamp":"2024-07-17T04:11:17.067Z"}
{"level":"error","message":"Error occurred: Unauthorized access!","timestamp":"2024-07-17T04:11:37.072Z"}
{"level":"error","message":"Error occurred: Unauthorized access!","timestamp":"2024-07-17T04:11:37.887Z"}
{"level":"error","message":"Error occurred: Unauthorized access!","timestamp":"2024-07-17T04:12:44.208Z"}
{"level":"error","message":"Error occurred: Unauthorized access!","timestamp":"2024-07-17T04:12:45.019Z"}
{"level":"error","message":"Error occurred: Product not found","timestamp":"2024-07-17T04:16:01.672Z"}
{"level":"error","message":"Error occurred: Product not found","timestamp":"2024-07-17T04:22:04.582Z"}
{"level":"error","message":"Error occurred: Product not found","timestamp":"2024-07-17T04:22:05.647Z"}
{"level":"error","message":"Error occurred: Unauthorized access!","timestamp":"2024-07-17T04:33:18.864Z"}
{"level":"error","message":"Error occurred: Product not found","timestamp":"2024-07-17T05:01:45.595Z"}
{"level":"error","message":"Error occurred: Unauthorized access!","timestamp":"2024-07-17T05:24:29.789Z"}
{"level":"error","message":"Error occurred: Unauthorized access!","timestamp":"2024-07-17T05:24:30.962Z"}
{"level":"error","message":"Error occurred: Unauthorized access!","timestamp":"2024-07-19T17:58:24.088Z"}
{"level":"error","message":"Error occurred: Unauthorized access!","timestamp":"2024-07-19T17:58:25.192Z"}
{"level":"error","message":"Error occurred: Unauthorized access!","timestamp":"2024-07-19T18:47:15.028Z"}
{"level":"error","message":"Error occurred: Product not found!","timestamp":"2024-07-19T18:48:46.445Z"}
{"level":"error","message":"Error occurred: Unauthorized access!","timestamp":"2024-07-19T20:50:10.748Z"}
{"level":"error","message":"Error occurred: Cart item not found!","timestamp":"2024-07-19T20:50:25.973Z"}
{"level":"error","message":"Error occurred: Product not found in cart!","timestamp":"2024-07-19T20:50:47.973Z"}
{"level":"error","message":"Error occurred: Unauthorized access!","timestamp":"2024-07-19T20:57:17.845Z"}
{"level":"error","message":"Error occurred: Product not found","timestamp":"2024-07-19T23:22:56.357Z"}
{"level":"error","message":"Error occurred: Unauthorized access!","timestamp":"2024-07-20T00:50:14.212Z"}
{"level":"error","message":"Error occurred: Unauthorized access!","timestamp":"2024-07-20T02:06:33.796Z"}
{"level":"error","message":"Error occurred: Product not found","timestamp":"2024-07-20T02:52:40.654Z"}
{"level":"error","message":"Error occurred: Product not found","timestamp":"2024-07-20T03:05:58.305Z"}
{"level":"error","message":"Error occurred: Internal Server Error","timestamp":"2024-07-20T03:27:36.252Z"}
{"level":"error","message":"Error occurred: Internal Server Error","timestamp":"2024-07-20T03:27:38.183Z"}
{"level":"error","message":"Error occurred: Product not found","timestamp":"2024-07-20T04:02:00.679Z"}
{"level":"error","message":"Error occurred: Product not found!","timestamp":"2024-07-20T04:19:29.609Z"}
{"level":"error","message":"Error occurred: Cannot read properties of undefined (reading 'getUserCart')","timestamp":"2024-07-20T04:27:33.806Z"}
{"level":"error","message":"Error occurred: Product not found!","timestamp":"2024-07-20T04:28:23.069Z"}
{"level":"error","message":"Error occurred: Product not found","timestamp":"2024-07-20T04:43:37.573Z"}
{"level":"error","message":"Error occurred: Product not found","timestamp":"2024-07-20T04:43:38.912Z"}
{"level":"error","message":"Error occurred: Product not found","timestamp":"2024-07-20T04:43:45.744Z"}
{"level":"error","message":"Error occurred: Unauthorized access!","timestamp":"2024-07-20T04:48:34.917Z"}
{"level":"error","message":"Error occurred: Unauthorized access!","timestamp":"2024-07-20T04:48:35.859Z"}
{"level":"error","message":"Error occurred: Unauthorized access!","timestamp":"2024-07-20T04:48:36.895Z"}
{"level":"error","message":"Error occurred: Unauthorized access!","timestamp":"2024-07-20T04:50:24.513Z"}
{"level":"error","message":"Error occurred: Unauthorized access!","timestamp":"2024-07-20T04:50:25.434Z"}
{"level":"error","message":"Error occurred: Unauthorized access!","timestamp":"2024-07-20T05:42:26.863Z"}
{"level":"error","message":"Error occurred: Unauthorized access!","timestamp":"2024-07-20T05:43:22.621Z"}
{"level":"error","message":"Error occurred: Unauthorized access!","timestamp":"2024-07-20T05:43:33.880Z"}
{"level":"error","message":"Error occurred: Unauthorized access!","timestamp":"2024-07-20T05:43:35.748Z"}
{"level":"error","message":"Error occurred: Unauthorized access!","timestamp":"2024-07-20T05:43:36.493Z"}
{"level":"error","message":"Error occurred: Unauthorized access!","timestamp":"2024-07-20T05:44:15.364Z"}
{"level":"error","message":"Error occurred: Product not found in cart","timestamp":"2024-07-20T05:44:52.350Z"}
{"level":"error","message":"Error occurred: Product not found in cart","timestamp":"2024-07-20T05:44:58.454Z"}
{"level":"error","message":"Error occurred: Product not found in cart","timestamp":"2024-07-20T05:45:04.830Z"}
{"level":"error","message":"Error occurred: Product not found in cart","timestamp":"2024-07-20T05:45:37.816Z"}
{"level":"error","message":"Error occurred: Product not found in cart","timestamp":"2024-07-20T05:46:13.904Z"}
{"level":"error","message":"Error occurred: Unauthorized access!","timestamp":"2024-07-20T05:46:38.177Z"}
{"level":"error","message":"Error occurred: Unauthorized access!","timestamp":"2024-07-20T05:46:40.859Z"}
{"level":"error","message":"Error occurred: Unauthorized access!","timestamp":"2024-07-20T05:46:41.749Z"}
{"level":"error","message":"Error occurred: Product not found","timestamp":"2024-07-20T05:53:03.519Z"}
{"level":"error","message":"Error occurred: Product not found","timestamp":"2024-07-20T05:53:06.716Z"}
